#
# A fatal error has been detected by the Java Runtime Environment:
#
#  EXCEPTION_ACCESS_VIOLATION (0xc0000005) at pc=0x00000000775e9ece, pid=5784, tid=524
#
# JRE version: 6.0_18-b07
# Java VM: Java HotSpot(TM) 64-Bit Server VM (16.0-b13 mixed mode windows-amd64 )
# Problematic frame:
# C  [ntdll.dll+0x49ece]
#
# If you would like to submit a bug report, please visit:
#   http://java.sun.com/webapps/bugreport/crash.jsp
#

---------------  T H R E A D  ---------------

Current thread (0x000000004b294000):  JavaThread "CompilerThread1" daemon [_thread_in_native, id=524, stack(0x000000004c270000,0x000000004c370000)]

siginfo: ExceptionCode=0xc0000005, reading address 0xffffffffffffffff

Registers:
EAX=0x0000000000001389, EBX=0x00000000005d0000, ECX=0x0000000000000231, EDX=0x4248000043800000
ESP=0x000000004c36b9d0, EBP=0x0000000000000000, ESI=0x0000000000000000, EDI=0x0000000050ab6550
EIP=0x00000000775e9ece, EFLAGS=0x0000000000010206

Top of Stack: (sp=0x000000004c36b9d0)
0x000000004c36b9d0:   0000000050e8d9f0 0000000050e8da00
0x000000004c36b9e0:   0000000100000700 00000000775c1a44
0x000000004c36b9f0:   0000000000000000 00020000e3cb12f0
0x000000004c36ba00:   0000000100000301 00000000776b5401
0x000000004c36ba10:   0000000000000000 0000000000000039
0x000000004c36ba20:   0000000050ab6540 0000000000000000
0x000000004c36ba30:   000000000003f000 0000000050e8e3cb
0x000000004c36ba40:   05da0000000004c1 00020000e3cbda00
0x000000004c36ba50:   00000000527c3100 00000002138904d9
0x000000004c36ba60:   04c1000100000000 0000000000000400
0x000000004c36ba70:   00000000534212c0 0000000000000011
0x000000004c36ba80:   00000000000003ff 0000000050ab6540
0x000000004c36ba90:   000000000000d000 0000000050ab6550
0x000000004c36baa0:   0000000000000478 0000000053260780
0x000000004c36bab0:   000000000000037f 00000000000003fd
0x000000004c36bac0:   0478000150e21300 000000000000013f 

Instructions: (pc=0x00000000775e9ece)
0x00000000775e9ebe:   d2 0f 84 0b 99 00 00 45 85 c9 0f 84 e9 5b 01 00
0x00000000775e9ece:   8b 42 f8 89 84 24 70 03 00 00 44 8b 4b 7c 41 85 


Stack: [0x000000004c270000,0x000000004c370000],  sp=0x000000004c36b9d0,  free space=3ee0000000000000000k
Native frames: (J=compiled Java code, j=interpreted, Vv=VM code, C=native code)
C  [ntdll.dll+0x49ece]

[error occurred during error reporting (printing native stack), id 0xc0000005]


Current CompileTask:
C2: 58      javazoom.jl.decoder.SynthesisFilter.compute_pcm_samples4(Ljavazoom/jl/decoder/OutputBuffer;)V (265 bytes)


---------------  P R O C E S S  ---------------

Java Threads: ( => current thread )
  0x000000004c6a3800 JavaThread "LWJGL Timer" daemon [_thread_blocked, id=8076, stack(0x000000004e470000,0x000000004e570000)]
  0x00000000005db800 JavaThread "DestroyJavaVM" [_thread_blocked, id=5328, stack(0x0000000002310000,0x0000000002410000)]
  0x000000004c5b5800 JavaThread "LWJGL Application" [_thread_in_native, id=5456, stack(0x000000004d440000,0x000000004d540000)]
  0x000000004b2a8000 JavaThread "Low Memory Detector" daemon [_thread_blocked, id=6884, stack(0x000000004c370000,0x000000004c470000)]
=>0x000000004b294000 JavaThread "CompilerThread1" daemon [_thread_in_native, id=524, stack(0x000000004c270000,0x000000004c370000)]
  0x000000004b27c800 JavaThread "CompilerThread0" daemon [_thread_in_native, id=5012, stack(0x000000004c170000,0x000000004c270000)]
  0x000000004b275800 JavaThread "Attach Listener" daemon [_thread_blocked, id=8632, stack(0x000000004c070000,0x000000004c170000)]
  0x000000004b274800 JavaThread "Signal Dispatcher" daemon [_thread_blocked, id=1600, stack(0x000000004bf70000,0x000000004c070000)]
  0x000000004b221800 JavaThread "Finalizer" daemon [_thread_blocked, id=8272, stack(0x000000004be70000,0x000000004bf70000)]
  0x000000004b21b000 JavaThread "Reference Handler" daemon [_thread_blocked, id=9172, stack(0x000000004bd70000,0x000000004be70000)]

Other Threads:
  0x000000004b217800 VMThread [stack: 0x000000004bc70000,0x000000004bd70000] [id=2400]
  0x000000004b2a9000 WatcherThread [stack: 0x000000004c470000,0x000000004c570000] [id=6328]

VM state:not at safepoint (normal execution)

VM Mutex/Monitor currently owned by a thread: None

Heap
 PSYoungGen      total 19072K, used 14822K [0x00000000350d0000, 0x0000000036610000, 0x000000004a4d0000)
  eden space 16384K, 90% used [0x00000000350d0000,0x0000000035f49990,0x00000000360d0000)
  from space 2688K, 0% used [0x0000000036370000,0x0000000036370000,0x0000000036610000)
  to   space 2688K, 0% used [0x00000000360d0000,0x00000000360d0000,0x0000000036370000)
 PSOldGen        total 43520K, used 0K [0x000000000a8d0000, 0x000000000d350000, 0x00000000350d0000)
  object space 43520K, 0% used [0x000000000a8d0000,0x000000000a8d0000,0x000000000d350000)
 PSPermGen       total 21248K, used 7630K [0x00000000054d0000, 0x0000000006990000, 0x000000000a8d0000)
  object space 21248K, 35% used [0x00000000054d0000,0x0000000005c43bf0,0x0000000006990000)

Dynamic libraries:
0x0000000000400000 - 0x000000000042e000 	C:\Program Files\Java\jre6\bin\javaw.exe
0x00000000775a0000 - 0x0000000077749000 	C:\Windows\SYSTEM32\ntdll.dll
0x0000000077380000 - 0x000000007749f000 	C:\Windows\system32\kernel32.dll
0x000007fefd500000 - 0x000007fefd56b000 	C:\Windows\system32\KERNELBASE.dll
0x000007fefd7d0000 - 0x000007fefd8ab000 	C:\Windows\system32\ADVAPI32.dll
0x000007fefd9f0000 - 0x000007fefda8f000 	C:\Windows\system32\msvcrt.dll
0x000007feff5e0000 - 0x000007feff5ff000 	C:\Windows\SYSTEM32\sechost.dll
0x000007fefd8c0000 - 0x000007fefd9ed000 	C:\Windows\system32\RPCRT4.dll
0x00000000774a0000 - 0x000000007759a000 	C:\Windows\system32\USER32.dll
0x000007fefef70000 - 0x000007fefefd7000 	C:\Windows\system32\GDI32.dll
0x000007fefead0000 - 0x000007fefeade000 	C:\Windows\system32\LPK.dll
0x000007feff7e0000 - 0x000007feff8a9000 	C:\Windows\system32\USP10.dll
0x000007feff060000 - 0x000007feff08e000 	C:\Windows\system32\IMM32.DLL
0x000007fefdbd0000 - 0x000007fefdcd9000 	C:\Windows\system32\MSCTF.dll
0x000000006d7f0000 - 0x000000006de95000 	C:\Program Files\Java\jre6\bin\server\jvm.dll
0x000007fefa730000 - 0x000007fefa76b000 	C:\Windows\system32\WINMM.dll
0x000000006d760000 - 0x000000006d76e000 	C:\Program Files\Java\jre6\bin\verify.dll
0x000000006d3b0000 - 0x000000006d3d7000 	C:\Program Files\Java\jre6\bin\java.dll
0x000000006d310000 - 0x000000006d31a000 	C:\Program Files\Java\jre6\bin\hpi.dll
0x0000000077760000 - 0x0000000077767000 	C:\Windows\system32\PSAPI.DLL
0x000000006d7b0000 - 0x000000006d7c2000 	C:\Program Files\Java\jre6\bin\zip.dll
0x0000000065580000 - 0x000000006560d000 	C:\Users\Ted\AppData\Local\Temp\libgdxTed\123946040\gdx64.dll
0x0000000180000000 - 0x0000000180050000 	C:\Users\Ted\AppData\Local\Temp\libgdxTed\27538956\lwjgl64.dll
0x000007feeeb30000 - 0x000007feeec4d000 	C:\Windows\system32\OPENGL32.dll
0x000007fef67e0000 - 0x000007fef680d000 	C:\Windows\system32\GLU32.dll
0x000007feebbc0000 - 0x000007feebcb1000 	C:\Windows\system32\DDRAW.dll
0x000007fef6880000 - 0x000007fef6888000 	C:\Windows\system32\DCIMAN32.dll
0x000007fefed90000 - 0x000007fefef67000 	C:\Windows\system32\SETUPAPI.dll
0x000007fefd420000 - 0x000007fefd456000 	C:\Windows\system32\CFGMGR32.dll
0x000007feff2c0000 - 0x000007feff397000 	C:\Windows\system32\OLEAUT32.dll
0x000007feff090000 - 0x000007feff293000 	C:\Windows\system32\ole32.dll
0x000007fefd400000 - 0x000007fefd41a000 	C:\Windows\system32\DEVOBJ.dll
0x000007fefc120000 - 0x000007fefc138000 	C:\Windows\system32\dwmapi.dll
0x000007fefc4b0000 - 0x000007fefc4bc000 	C:\Windows\system32\VERSION.dll
0x000007fefb880000 - 0x000007fefba74000 	C:\Windows\WinSxS\amd64_microsoft.windows.common-controls_6595b64144ccf1df_6.0.7601.17514_none_fa396087175ac9ac\COMCTL32.dll
0x000007fefefe0000 - 0x000007feff051000 	C:\Windows\system32\SHLWAPI.dll
0x000000004ca70000 - 0x000000004cad2000 	C:\Users\Ted\AppData\Local\Temp\libgdxTed\27538956\OpenAL64.dll
0x000007fefdd40000 - 0x000007fefeac8000 	C:\Windows\system32\SHELL32.dll
0x000007fefd280000 - 0x000007fefd28f000 	C:\Windows\system32\CRYPTBASE.dll
0x000007fefb600000 - 0x000007fefb656000 	C:\Windows\system32\uxtheme.dll
0x000007fefdb30000 - 0x000007fefdbc9000 	C:\Windows\system32\CLBCatQ.DLL
0x000007fefbfa0000 - 0x000007fefc0cc000 	C:\Windows\System32\PROPSYS.dll
0x000007fefd5d0000 - 0x000007fefd60a000 	C:\Windows\system32\WINTRUST.dll
0x000007fefd610000 - 0x000007fefd77c000 	C:\Windows\system32\CRYPT32.dll
0x000007fefd3f0000 - 0x000007fefd3ff000 	C:\Windows\system32\MSASN1.dll
0x000007fef0890000 - 0x000007fef0918000 	C:\Windows\system32\dsound.dll
0x000007fefc230000 - 0x000007fefc25c000 	C:\Windows\system32\POWRPROF.dll
0x000007fefc1e0000 - 0x000007fefc22b000 	C:\Windows\System32\MMDevApi.dll
0x000007fef6330000 - 0x000007fef637f000 	C:\Windows\system32\AUDIOSES.DLL
0x0000000069500000 - 0x000000006a330000 	C:\Windows\system32\nvoglv64.DLL
0x000000004daf0000 - 0x000000004db55000 	C:\Program Files\WIDCOMM\Bluetooth Software\btmmhook.dll
0x000007fef19b0000 - 0x000007fef1a4c000 	C:\Windows\system32\mscms.dll
0x000007fefc6a0000 - 0x000007fefc6be000 	C:\Windows\system32\USERENV.dll
0x000007fefd350000 - 0x000007fefd35f000 	C:\Windows\system32\profapi.dll
0x000007feeeae0000 - 0x000007feeeb22000 	C:\Windows\system32\icm32.dll

VM Arguments:
jvm_args: -Dfile.encoding=Cp1252 
java_command: com.me.Tutorial.Main
Launcher Type: SUN_STANDARD

Environment Variables:
PATH=C:\Windows\system32;C:\Windows;C:\Windows\System32\Wbem;C:\Windows\System32\WindowsPowerShell\v1.0\;C:\Program Files (x86)\Microsoft SQL Server\100\Tools\Binn\;C:\Program Files (x86)\Microsoft SQL Server\100\DTS\Binn\;C:\Program Files\WIDCOMM\Bluetooth Software\;C:\Program Files\WIDCOMM\Bluetooth Software\syswow64;C:\altera\13.0sp1\modelsim_ase\win32aloem;C:\Program Files (x86)\SSH Communications Security\SSH Secure Shell
USERNAME=Ted
OS=Windows_NT
PROCESSOR_IDENTIFIER=Intel64 Family 6 Model 30 Stepping 5, GenuineIntel



---------------  S Y S T E M  ---------------

OS: Windows 7 Build 7601 Service Pack 1

CPU:total 8 (8 cores per cpu, 2 threads per core) family 6 model 30 stepping 5, cmov, cx8, fxsr, mmx, sse, sse2, sse3, ssse3, sse4.1, sse4.2, popcnt, ht

Memory: 4k page, physical 4175932k(1648544k free), swap 8350000k(5047600k free)

vm_info: Java HotSpot(TM) 64-Bit Server VM (16.0-b13) for windows-amd64 JRE (1.6.0_18-b07), built on Dec 17 2009 13:24:11 by "java_re" with MS VC++ 8.0 (VS2005)

time: Sat Apr 05 23:18:43 2014
elapsed time: 2 seconds

